/home/caleb/miniconda3/envs/pyscenic/lib/python3.10/site-packages/ctxcore/__init__.py:5: UserWarning: pkg_resources is deprecated as an API. See https://setuptools.pypa.io/en/latest/pkg_resources.html. The pkg_resources package is slated for removal as early as 2025-11-30. Refrain from using this package or pin to Setuptools<81.
  from pkg_resources import DistributionNotFound, get_distribution

2026-01-05 20:40:43,557 - pyscenic.cli.pyscenic - INFO - Loading expression matrix.

2026-01-05 20:40:43,853 - pyscenic.cli.pyscenic - INFO - Inferring regulatory networks.
/home/caleb/miniconda3/envs/pyscenic/lib/python3.10/site-packages/ctxcore/__init__.py:5: UserWarning: pkg_resources is deprecated as an API. See https://setuptools.pypa.io/en/latest/pkg_resources.html. The pkg_resources package is slated for removal as early as 2025-11-30. Refrain from using this package or pin to Setuptools<81.
  from pkg_resources import DistributionNotFound, get_distribution
/home/caleb/miniconda3/envs/pyscenic/lib/python3.10/site-packages/ctxcore/__init__.py:5: UserWarning: pkg_resources is deprecated as an API. See https://setuptools.pypa.io/en/latest/pkg_resources.html. The pkg_resources package is slated for removal as early as 2025-11-30. Refrain from using this package or pin to Setuptools<81.
  from pkg_resources import DistributionNotFound, get_distribution
/home/caleb/miniconda3/envs/pyscenic/lib/python3.10/site-packages/ctxcore/__init__.py:5: UserWarning: pkg_resources is deprecated as an API. See https://setuptools.pypa.io/en/latest/pkg_resources.html. The pkg_resources package is slated for removal as early as 2025-11-30. Refrain from using this package or pin to Setuptools<81.
  from pkg_resources import DistributionNotFound, get_distribution
/home/caleb/miniconda3/envs/pyscenic/lib/python3.10/site-packages/ctxcore/__init__.py:5: UserWarning: pkg_resources is deprecated as an API. See https://setuptools.pypa.io/en/latest/pkg_resources.html. The pkg_resources package is slated for removal as early as 2025-11-30. Refrain from using this package or pin to Setuptools<81.
  from pkg_resources import DistributionNotFound, get_distribution
/home/caleb/miniconda3/envs/pyscenic/lib/python3.10/site-packages/ctxcore/__init__.py:5: UserWarning: pkg_resources is deprecated as an API. See https://setuptools.pypa.io/en/latest/pkg_resources.html. The pkg_resources package is slated for removal as early as 2025-11-30. Refrain from using this package or pin to Setuptools<81.
  from pkg_resources import DistributionNotFound, get_distribution
/home/caleb/miniconda3/envs/pyscenic/lib/python3.10/site-packages/ctxcore/__init__.py:5: UserWarning: pkg_resources is deprecated as an API. See https://setuptools.pypa.io/en/latest/pkg_resources.html. The pkg_resources package is slated for removal as early as 2025-11-30. Refrain from using this package or pin to Setuptools<81.
  from pkg_resources import DistributionNotFound, get_distribution
/home/caleb/miniconda3/envs/pyscenic/lib/python3.10/site-packages/ctxcore/__init__.py:5: UserWarning: pkg_resources is deprecated as an API. See https://setuptools.pypa.io/en/latest/pkg_resources.html. The pkg_resources package is slated for removal as early as 2025-11-30. Refrain from using this package or pin to Setuptools<81.
  from pkg_resources import DistributionNotFound, get_distribution
/home/caleb/miniconda3/envs/pyscenic/lib/python3.10/site-packages/ctxcore/__init__.py:5: UserWarning: pkg_resources is deprecated as an API. See https://setuptools.pypa.io/en/latest/pkg_resources.html. The pkg_resources package is slated for removal as early as 2025-11-30. Refrain from using this package or pin to Setuptools<81.
  from pkg_resources import DistributionNotFound, get_distribution
/home/caleb/miniconda3/envs/pyscenic/lib/python3.10/site-packages/distributed/client.py:3106: UserWarning: Sending large graph of size 13.73 MiB.
This may cause some slowdown.
Consider scattering data ahead of time and using futures.
  warnings.warn(

2026-01-05 20:42:10,528 - pyscenic.cli.pyscenic - INFO - Writing results to file.
preparing dask client
parsing input
creating dask graph
8 partitions
computing dask graph
not shutting down client, client was created externally
finished
/home/caleb/miniconda3/envs/pyscenic/lib/python3.10/site-packages/ctxcore/__init__.py:5: UserWarning: pkg_resources is deprecated as an API. See https://setuptools.pypa.io/en/latest/pkg_resources.html. The pkg_resources package is slated for removal as early as 2025-11-30. Refrain from using this package or pin to Setuptools<81.
  from pkg_resources import DistributionNotFound, get_distribution

2026-01-05 20:42:16,862 - pyscenic.cli.pyscenic - INFO - Creating modules.

2026-01-05 20:42:16,887 - pyscenic.cli.pyscenic - INFO - Loading expression matrix.

2026-01-05 20:42:17,288 - pyscenic.utils - INFO - Calculating Pearson correlations.

2026-01-05 20:42:17,297 - pyscenic.utils - WARNING - Note on correlation calculation: the default behaviour for calculating the correlations has changed after pySCENIC verion 0.9.16. Previously, the default was to calculate the correlation between a TF and target gene using only cells with non-zero expression values (mask_dropouts=True). The current default is now to use all cells to match the behavior of the R verision of SCENIC. The original settings can be retained by setting 'rho_mask_dropouts=True' in the modules_from_adjacencies function, or '--mask_dropouts' from the CLI.
	Dropout masking is currently set to [False].

2026-01-05 20:42:18,194 - pyscenic.utils - INFO - Creating modules.
/home/caleb/miniconda3/envs/pyscenic/lib/python3.10/site-packages/pyscenic/utils.py:244: FutureWarning: DataFrameGroupBy.apply operated on the grouping columns. This behavior is deprecated, and in a future version of pandas the grouping columns will be excluded from the operation. Either pass `include_groups=False` to exclude the groupings or explicitly select the grouping columns after groupby to silence this warning.
  df = adjacencies.groupby(by=COLUMN_NAME_TARGET).apply(

2026-01-05 20:42:19,620 - pyscenic.cli.pyscenic - INFO - Loading databases.

2026-01-05 20:42:19,818 - pyscenic.cli.pyscenic - INFO - Calculating regulons.

2026-01-05 20:42:19,818 - pyscenic.prune - INFO - Using 8 workers.

2026-01-05 20:42:19,818 - pyscenic.prune - INFO - Using 8 workers.

2026-01-05 20:42:20,835 - pyscenic.prune - INFO - Worker mm10_10kbp_up_10kbp_down_full_tx_v10_clust.genes_vs_motifs.rankings(3): database loaded in memory.

2026-01-05 20:42:20,835 - pyscenic.prune - INFO - Worker mm10_10kbp_up_10kbp_down_full_tx_v10_clust.genes_vs_motifs.rankings(3): database loaded in memory.

2026-01-05 20:42:20,864 - pyscenic.prune - INFO - Worker mm10_10kbp_up_10kbp_down_full_tx_v10_clust.genes_vs_motifs.rankings(1): database loaded in memory.

2026-01-05 20:42:20,864 - pyscenic.prune - INFO - Worker mm10_10kbp_up_10kbp_down_full_tx_v10_clust.genes_vs_motifs.rankings(1): database loaded in memory.

2026-01-05 20:42:20,893 - pyscenic.prune - INFO - Worker mm10_500bp_up_100bp_down_full_tx_v10_clust.genes_vs_motifs.rankings(2): database loaded in memory.

2026-01-05 20:42:20,893 - pyscenic.prune - INFO - Worker mm10_500bp_up_100bp_down_full_tx_v10_clust.genes_vs_motifs.rankings(2): database loaded in memory.

2026-01-05 20:42:20,946 - pyscenic.prune - INFO - Worker mm10_10kbp_up_10kbp_down_full_tx_v10_clust.genes_vs_motifs.rankings(2): database loaded in memory.

2026-01-05 20:42:20,946 - pyscenic.prune - INFO - Worker mm10_10kbp_up_10kbp_down_full_tx_v10_clust.genes_vs_motifs.rankings(2): database loaded in memory.

2026-01-05 20:42:20,984 - pyscenic.prune - INFO - Worker mm10_10kbp_up_10kbp_down_full_tx_v10_clust.genes_vs_motifs.rankings(4): database loaded in memory.

2026-01-05 20:42:20,984 - pyscenic.prune - INFO - Worker mm10_10kbp_up_10kbp_down_full_tx_v10_clust.genes_vs_motifs.rankings(4): database loaded in memory.

2026-01-05 20:42:20,984 - pyscenic.prune - INFO - Worker mm10_500bp_up_100bp_down_full_tx_v10_clust.genes_vs_motifs.rankings(1): database loaded in memory.

2026-01-05 20:42:20,984 - pyscenic.prune - INFO - Worker mm10_500bp_up_100bp_down_full_tx_v10_clust.genes_vs_motifs.rankings(1): database loaded in memory.

2026-01-05 20:42:21,004 - pyscenic.prune - INFO - Worker mm10_500bp_up_100bp_down_full_tx_v10_clust.genes_vs_motifs.rankings(4): database loaded in memory.

2026-01-05 20:42:21,004 - pyscenic.prune - INFO - Worker mm10_500bp_up_100bp_down_full_tx_v10_clust.genes_vs_motifs.rankings(4): database loaded in memory.

2026-01-05 20:42:21,025 - pyscenic.prune - INFO - Worker mm10_500bp_up_100bp_down_full_tx_v10_clust.genes_vs_motifs.rankings(3): database loaded in memory.

2026-01-05 20:42:21,025 - pyscenic.prune - INFO - Worker mm10_500bp_up_100bp_down_full_tx_v10_clust.genes_vs_motifs.rankings(3): database loaded in memory.

2026-01-05 20:42:21,902 - pyscenic.prune - INFO - Worker mm10_10kbp_up_10kbp_down_full_tx_v10_clust.genes_vs_motifs.rankings(3): motif annotations loaded in memory.

2026-01-05 20:42:21,902 - pyscenic.prune - INFO - Worker mm10_10kbp_up_10kbp_down_full_tx_v10_clust.genes_vs_motifs.rankings(3): motif annotations loaded in memory.

2026-01-05 20:42:22,075 - pyscenic.prune - INFO - Worker mm10_500bp_up_100bp_down_full_tx_v10_clust.genes_vs_motifs.rankings(2): motif annotations loaded in memory.

2026-01-05 20:42:22,075 - pyscenic.prune - INFO - Worker mm10_500bp_up_100bp_down_full_tx_v10_clust.genes_vs_motifs.rankings(2): motif annotations loaded in memory.

2026-01-05 20:42:22,163 - pyscenic.prune - INFO - Worker mm10_500bp_up_100bp_down_full_tx_v10_clust.genes_vs_motifs.rankings(3): motif annotations loaded in memory.

2026-01-05 20:42:22,163 - pyscenic.prune - INFO - Worker mm10_500bp_up_100bp_down_full_tx_v10_clust.genes_vs_motifs.rankings(3): motif annotations loaded in memory.

2026-01-05 20:42:22,169 - pyscenic.prune - INFO - Worker mm10_10kbp_up_10kbp_down_full_tx_v10_clust.genes_vs_motifs.rankings(1): motif annotations loaded in memory.

2026-01-05 20:42:22,169 - pyscenic.prune - INFO - Worker mm10_10kbp_up_10kbp_down_full_tx_v10_clust.genes_vs_motifs.rankings(1): motif annotations loaded in memory.

2026-01-05 20:42:22,181 - pyscenic.prune - INFO - Worker mm10_10kbp_up_10kbp_down_full_tx_v10_clust.genes_vs_motifs.rankings(2): motif annotations loaded in memory.

2026-01-05 20:42:22,181 - pyscenic.prune - INFO - Worker mm10_10kbp_up_10kbp_down_full_tx_v10_clust.genes_vs_motifs.rankings(2): motif annotations loaded in memory.

2026-01-05 20:42:22,201 - pyscenic.prune - INFO - Worker mm10_500bp_up_100bp_down_full_tx_v10_clust.genes_vs_motifs.rankings(1): motif annotations loaded in memory.

2026-01-05 20:42:22,201 - pyscenic.prune - INFO - Worker mm10_10kbp_up_10kbp_down_full_tx_v10_clust.genes_vs_motifs.rankings(4): motif annotations loaded in memory.

2026-01-05 20:42:22,201 - pyscenic.prune - INFO - Worker mm10_10kbp_up_10kbp_down_full_tx_v10_clust.genes_vs_motifs.rankings(4): motif annotations loaded in memory.

2026-01-05 20:42:22,201 - pyscenic.prune - INFO - Worker mm10_500bp_up_100bp_down_full_tx_v10_clust.genes_vs_motifs.rankings(1): motif annotations loaded in memory.

2026-01-05 20:42:22,213 - pyscenic.prune - INFO - Worker mm10_500bp_up_100bp_down_full_tx_v10_clust.genes_vs_motifs.rankings(4): motif annotations loaded in memory.

2026-01-05 20:42:22,213 - pyscenic.prune - INFO - Worker mm10_500bp_up_100bp_down_full_tx_v10_clust.genes_vs_motifs.rankings(4): motif annotations loaded in memory.

2026-01-05 20:42:31,047 - pyscenic.transform - WARNING - Less than 80% of the genes in Regulon for Grhl2 could be mapped to mm10_500bp_up_100bp_down_full_tx_v10_clust.genes_vs_motifs.rankings. Skipping this module.

2026-01-05 20:42:31,391 - pyscenic.transform - WARNING - Less than 80% of the genes in Regulon for Grhl2 could be mapped to mm10_10kbp_up_10kbp_down_full_tx_v10_clust.genes_vs_motifs.rankings. Skipping this module.

2026-01-05 20:42:36,007 - pyscenic.transform - WARNING - Less than 80% of the genes in Regulon for Hoxb2 could be mapped to mm10_10kbp_up_10kbp_down_full_tx_v10_clust.genes_vs_motifs.rankings. Skipping this module.

2026-01-05 20:42:36,128 - pyscenic.transform - WARNING - Less than 80% of the genes in Regulon for Hoxb2 could be mapped to mm10_500bp_up_100bp_down_full_tx_v10_clust.genes_vs_motifs.rankings. Skipping this module.

2026-01-05 20:42:36,159 - pyscenic.transform - WARNING - Less than 80% of the genes in Regulon for Irf2 could be mapped to mm10_10kbp_up_10kbp_down_full_tx_v10_clust.genes_vs_motifs.rankings. Skipping this module.

2026-01-05 20:42:36,419 - pyscenic.transform - WARNING - Less than 80% of the genes in Regulon for Irf2 could be mapped to mm10_500bp_up_100bp_down_full_tx_v10_clust.genes_vs_motifs.rankings. Skipping this module.

2026-01-05 20:42:37,073 - pyscenic.transform - WARNING - Less than 80% of the genes in Regulon for Isl2 could be mapped to mm10_10kbp_up_10kbp_down_full_tx_v10_clust.genes_vs_motifs.rankings. Skipping this module.

2026-01-05 20:42:37,355 - pyscenic.transform - WARNING - Less than 80% of the genes in Regulon for Isl2 could be mapped to mm10_500bp_up_100bp_down_full_tx_v10_clust.genes_vs_motifs.rankings. Skipping this module.

2026-01-05 20:42:38,598 - pyscenic.transform - WARNING - Less than 80% of the genes in Regulon for Mctp2 could be mapped to mm10_500bp_up_100bp_down_full_tx_v10_clust.genes_vs_motifs.rankings. Skipping this module.

2026-01-05 20:42:39,971 - pyscenic.transform - WARNING - Less than 80% of the genes in Regulon for Mctp2 could be mapped to mm10_10kbp_up_10kbp_down_full_tx_v10_clust.genes_vs_motifs.rankings. Skipping this module.

2026-01-05 20:42:41,534 - pyscenic.transform - WARNING - Less than 80% of the genes in Regulon for Tbx3 could be mapped to mm10_500bp_up_100bp_down_full_tx_v10_clust.genes_vs_motifs.rankings. Skipping this module.

2026-01-05 20:42:42,123 - pyscenic.transform - WARNING - Less than 80% of the genes in Regulon for Tbx3 could be mapped to mm10_10kbp_up_10kbp_down_full_tx_v10_clust.genes_vs_motifs.rankings. Skipping this module.

2026-01-05 20:42:44,475 - pyscenic.transform - WARNING - Less than 80% of the genes in Regulon for Ddx4 could be mapped to mm10_10kbp_up_10kbp_down_full_tx_v10_clust.genes_vs_motifs.rankings. Skipping this module.

2026-01-05 20:42:44,667 - pyscenic.transform - WARNING - Less than 80% of the genes in Ddx4 could be mapped to mm10_500bp_up_100bp_down_full_tx_v10_clust.genes_vs_motifs.rankings. Skipping this module.

2026-01-05 20:42:45,959 - pyscenic.transform - WARNING - Less than 80% of the genes in Regulon for Sox17 could be mapped to mm10_500bp_up_100bp_down_full_tx_v10_clust.genes_vs_motifs.rankings. Skipping this module.

2026-01-05 20:42:46,502 - pyscenic.transform - WARNING - Less than 80% of the genes in Regulon for Ddx4 could be mapped to mm10_500bp_up_100bp_down_full_tx_v10_clust.genes_vs_motifs.rankings. Skipping this module.

2026-01-05 20:42:46,800 - pyscenic.transform - WARNING - Less than 80% of the genes in Ddx4 could be mapped to mm10_10kbp_up_10kbp_down_full_tx_v10_clust.genes_vs_motifs.rankings. Skipping this module.

2026-01-05 20:42:47,014 - pyscenic.prune - INFO - Worker mm10_500bp_up_100bp_down_full_tx_v10_clust.genes_vs_motifs.rankings(3): All regulons derived.

2026-01-05 20:42:47,014 - pyscenic.prune - INFO - Worker mm10_500bp_up_100bp_down_full_tx_v10_clust.genes_vs_motifs.rankings(3): All regulons derived.

2026-01-05 20:42:47,017 - pyscenic.prune - INFO - Worker mm10_500bp_up_100bp_down_full_tx_v10_clust.genes_vs_motifs.rankings(3): Done.

2026-01-05 20:42:47,017 - pyscenic.prune - INFO - Worker mm10_500bp_up_100bp_down_full_tx_v10_clust.genes_vs_motifs.rankings(3): Done.

2026-01-05 20:42:47,124 - pyscenic.transform - WARNING - Less than 80% of the genes in Regulon for Sox17 could be mapped to mm10_10kbp_up_10kbp_down_full_tx_v10_clust.genes_vs_motifs.rankings. Skipping this module.

2026-01-05 20:42:48,553 - pyscenic.prune - INFO - Worker mm10_10kbp_up_10kbp_down_full_tx_v10_clust.genes_vs_motifs.rankings(3): All regulons derived.

2026-01-05 20:42:48,553 - pyscenic.prune - INFO - Worker mm10_10kbp_up_10kbp_down_full_tx_v10_clust.genes_vs_motifs.rankings(3): All regulons derived.

2026-01-05 20:42:48,556 - pyscenic.prune - INFO - Worker mm10_10kbp_up_10kbp_down_full_tx_v10_clust.genes_vs_motifs.rankings(3): Done.

2026-01-05 20:42:48,556 - pyscenic.prune - INFO - Worker mm10_10kbp_up_10kbp_down_full_tx_v10_clust.genes_vs_motifs.rankings(3): Done.

2026-01-05 20:42:49,051 - pyscenic.prune - INFO - Worker mm10_500bp_up_100bp_down_full_tx_v10_clust.genes_vs_motifs.rankings(4): All regulons derived.

2026-01-05 20:42:49,051 - pyscenic.prune - INFO - Worker mm10_500bp_up_100bp_down_full_tx_v10_clust.genes_vs_motifs.rankings(4): All regulons derived.

2026-01-05 20:42:49,054 - pyscenic.prune - INFO - Worker mm10_500bp_up_100bp_down_full_tx_v10_clust.genes_vs_motifs.rankings(4): Done.

2026-01-05 20:42:49,054 - pyscenic.prune - INFO - Worker mm10_500bp_up_100bp_down_full_tx_v10_clust.genes_vs_motifs.rankings(4): Done.

2026-01-05 20:42:49,785 - pyscenic.prune - INFO - Worker mm10_500bp_up_100bp_down_full_tx_v10_clust.genes_vs_motifs.rankings(1): All regulons derived.

2026-01-05 20:42:49,785 - pyscenic.prune - INFO - Worker mm10_500bp_up_100bp_down_full_tx_v10_clust.genes_vs_motifs.rankings(1): All regulons derived.

2026-01-05 20:42:49,788 - pyscenic.prune - INFO - Worker mm10_500bp_up_100bp_down_full_tx_v10_clust.genes_vs_motifs.rankings(1): Done.

2026-01-05 20:42:49,788 - pyscenic.prune - INFO - Worker mm10_500bp_up_100bp_down_full_tx_v10_clust.genes_vs_motifs.rankings(1): Done.

2026-01-05 20:42:50,313 - pyscenic.prune - INFO - Worker mm10_10kbp_up_10kbp_down_full_tx_v10_clust.genes_vs_motifs.rankings(4): All regulons derived.

2026-01-05 20:42:50,313 - pyscenic.prune - INFO - Worker mm10_10kbp_up_10kbp_down_full_tx_v10_clust.genes_vs_motifs.rankings(4): All regulons derived.

2026-01-05 20:42:50,316 - pyscenic.prune - INFO - Worker mm10_10kbp_up_10kbp_down_full_tx_v10_clust.genes_vs_motifs.rankings(4): Done.

2026-01-05 20:42:50,316 - pyscenic.prune - INFO - Worker mm10_10kbp_up_10kbp_down_full_tx_v10_clust.genes_vs_motifs.rankings(4): Done.

2026-01-05 20:42:51,098 - pyscenic.prune - INFO - Worker mm10_10kbp_up_10kbp_down_full_tx_v10_clust.genes_vs_motifs.rankings(1): All regulons derived.

2026-01-05 20:42:51,098 - pyscenic.prune - INFO - Worker mm10_10kbp_up_10kbp_down_full_tx_v10_clust.genes_vs_motifs.rankings(1): All regulons derived.

2026-01-05 20:42:51,101 - pyscenic.prune - INFO - Worker mm10_10kbp_up_10kbp_down_full_tx_v10_clust.genes_vs_motifs.rankings(1): Done.

2026-01-05 20:42:51,101 - pyscenic.prune - INFO - Worker mm10_10kbp_up_10kbp_down_full_tx_v10_clust.genes_vs_motifs.rankings(1): Done.

2026-01-05 20:42:51,606 - pyscenic.prune - INFO - Worker mm10_10kbp_up_10kbp_down_full_tx_v10_clust.genes_vs_motifs.rankings(2): All regulons derived.

2026-01-05 20:42:51,606 - pyscenic.prune - INFO - Worker mm10_10kbp_up_10kbp_down_full_tx_v10_clust.genes_vs_motifs.rankings(2): All regulons derived.

2026-01-05 20:42:51,609 - pyscenic.prune - INFO - Worker mm10_10kbp_up_10kbp_down_full_tx_v10_clust.genes_vs_motifs.rankings(2): Done.

2026-01-05 20:42:51,609 - pyscenic.prune - INFO - Worker mm10_10kbp_up_10kbp_down_full_tx_v10_clust.genes_vs_motifs.rankings(2): Done.

2026-01-05 20:42:51,946 - pyscenic.prune - INFO - Worker mm10_500bp_up_100bp_down_full_tx_v10_clust.genes_vs_motifs.rankings(2): All regulons derived.

2026-01-05 20:42:51,946 - pyscenic.prune - INFO - Worker mm10_500bp_up_100bp_down_full_tx_v10_clust.genes_vs_motifs.rankings(2): All regulons derived.

2026-01-05 20:42:51,949 - pyscenic.prune - INFO - Worker mm10_500bp_up_100bp_down_full_tx_v10_clust.genes_vs_motifs.rankings(2): Done.

2026-01-05 20:42:51,949 - pyscenic.prune - INFO - Worker mm10_500bp_up_100bp_down_full_tx_v10_clust.genes_vs_motifs.rankings(2): Done.

2026-01-05 20:42:51,983 - pyscenic.cli.pyscenic - INFO - Writing results to file.
Create regulons from a dataframe of enriched features.
Additional columns saved: []
